<?xml version="1.0" encoding="UTF-8"?>
<!-- Generated by org.testng.reporters.JUnitReportReporter -->
<testsuite skipped="0" hostname="arun" name="org.cart.Cross_Brows_Testing" tests="6" failures="0" timestamp="19 Mar 2023 10:58:43 GMT" time="595.656" errors="0">
  <testcase name="testCase_3" time="105.078" classname="org.cart.Cross_Brows_Testing"/>
  <testcase name="testCase_1" time="170.338" classname="org.cart.Cross_Brows_Testing"/>
  <testcase name="testCase_1" time="75.522" classname="org.cart.Cross_Brows_Testing"/>
  <testcase name="testCase_3" time="105.752" classname="org.cart.Cross_Brows_Testing"/>
  <testcase name="testCase_1" time="79.672" classname="org.cart.Cross_Brows_Testing"/>
  <testcase name="testCase_3" time="59.294" classname="org.cart.Cross_Brows_Testing"/>
</testsuite> <!-- org.cart.Cross_Brows_Testing -->
