<?xml version="1.0" encoding="UTF-8"?>
<!-- Generated by org.testng.reporters.JUnitReportReporter -->
<testsuite skipped="0" hostname="arun" name="org.cart.Broken_Links" tests="1" failures="0" timestamp="07 May 2023 06:12:37 GMT" time="67.762" errors="0">
  <testcase name="brokenLinks_2" time="67.762" classname="org.cart.Broken_Links"/>
</testsuite> <!-- org.cart.Broken_Links -->
