<?xml version="1.0" encoding="UTF-8"?>
<!-- Generated by org.testng.reporters.JUnitReportReporter -->
<testsuite skipped="4" hostname="arun" name="org.cart.My_Cart_Page" tests="5" failures="0" timestamp="27 Mar 2023 07:07:16 GMT" time="2.044" errors="0">
  <testcase name="myCartPage_TestCase_90" time="2.044" classname="org.cart.My_Cart_Page"/>
  <testcase name="myCartPage_TestCase_2" classname="org.cart.My_Cart_Page">
    <skipped/>
  </testcase> <!-- myCartPage_TestCase_2 -->
  <testcase name="myCartPage_TestCase_4" classname="org.cart.My_Cart_Page">
    <skipped/>
  </testcase> <!-- myCartPage_TestCase_4 -->
  <testcase name="myCartPage_TestCase_10" classname="org.cart.My_Cart_Page">
    <skipped/>
  </testcase> <!-- myCartPage_TestCase_10 -->
  <testcase name="myCartPage_TestCase_7" classname="org.cart.My_Cart_Page">
    <skipped/>
  </testcase> <!-- myCartPage_TestCase_7 -->
</testsuite> <!-- org.cart.My_Cart_Page -->
